Logging USSD Request@2015-04-27 04:03:17>> Session id (1430168597), MSISDN (2347062385282),UserData (*336*750*07062385281)
Logging USSD Request@2015-04-27 04:04:25>> Session id (1430168665), MSISDN (2347062385282),UserData (*336*750*07062385281)
Logging USSD Request@2015-04-27 04:18:42>> Session id (1430169522), MSISDN (2347062385282),UserData (*336*750*07062385281)
Logging USSD Request@2015-04-27 05:12:03>> Session id (1430172723), MSISDN (2347066192100),UserData (*336*750*07062385281#)
Logging USSD Request@2015-04-27 05:14:27>> Session id (1430172867), MSISDN (2347066192100),UserData (*336*9*750)
Logging USSD Request@2015-04-27 05:15:24>> Session id (1430172924), MSISDN (2347066192100),UserData (*336*9*750)
Logging USSD Request@2015-04-28 10:22:49>> Session id (1853551575), MSISDN (2347062385282),UserData (*366*9#)
Logging USSD Request@2015-04-28 10:23:06>> Session id (1853551575), MSISDN (2347062385282),UserData (200)
Logging USSD Request@2015-04-28 12:55:46>> Session id (1854610651), MSISDN (2347062385282),UserData (*366*9#)
Logging USSD Request@2015-04-28 12:56:46>> Session id (1854610651), MSISDN (2347062385282),UserData (Session closed due to cause 203)
Logging USSD Request@2015-04-28 01:03:55>> Session id (1854664317), MSISDN (2347062385282),UserData (*366*9#)
Logging USSD Request@2015-04-28 01:04:13>> Session id (1854664317), MSISDN (2347062385282),UserData (1)
Logging USSD Request@2015-04-28 01:04:23>> Session id (1854664317), MSISDN (2347062385282),UserData (200)
Logging USSD Request@2015-04-28 01:46:25>> Session id (1854933203), MSISDN (2347062385282),UserData (*366*9#)
Logging USSD Request@2015-04-28 01:46:33>> Session id (1854933203), MSISDN (2347062385282),UserData (2)
Logging USSD Request@2015-04-28 01:46:48>> Session id (1854933203), MSISDN (2347062385282),UserData (07062385281)
Logging USSD Request@2015-04-28 01:47:58>> Session id (1854943298), MSISDN (2347062385282),UserData (*366*9#)
Logging USSD Request@2015-04-28 01:48:05>> Session id (1854943298), MSISDN (2347062385282),UserData (2)
Logging USSD Request@2015-04-28 01:48:27>> Session id (1854943298), MSISDN (2347062385282),UserData (08068900473)
Logging USSD Request@2015-04-30 10:38:29>> Session id (1430408309), MSISDN (2347062385282),UserData (*336*750*07062385281)
Logging USSD Request@2015-04-30 10:38:33>> Session id (1430408313), MSISDN (2347066192100),UserData (*336*9*750)
Logging USSD Request@2015-05-04 08:31:58>> Session id (1430746318), MSISDN (2347062385282),UserData (*336*750*07062385281)
Logging USSD Request@2015-05-04 08:32:00>> Session id (1430746320), MSISDN (2347066192100),UserData (*336*9*750)
Logging USSD Request@2015-05-14 08:07:43>> Session id (1431608863), MSISDN (2347066192100),UserData (*336*9*750)
Logging USSD Request@2015-05-20 12:16:12>> Session id (1432142172), MSISDN (2347066192100),UserData (*336*9*750)
Logging USSD Request@2015-05-20 07:22:11>> Session id (1860164248), MSISDN (2348038112910),UserData (*366*9#)
Logging USSD Request@2015-05-20 07:22:24>> Session id (1860164248), MSISDN (2348038112910),UserData (Session closed due to cause 209)
Logging USSD Request@2015-05-30 10:45:39>> Session id (1851052470), MSISDN (2348037984324),UserData (*366*9#)
Logging USSD Request@2015-05-30 10:45:59>> Session id (1851052470), MSISDN (2348037984324),UserData (Session closed due to cause 209)
